{"C:\\Users\\juanj\\OneDrive\\Escritorio\\robofriendshooks\\src\\components\\Card.js": {"path":"C:\\Users\\juanj\\OneDrive\\Escritorio\\robofriendshooks\\src\\components\\Card.js","statementMap":{"0":{"start":{"line":3,"column":13},"end":{"line":17,"column":1}},"1":{"start":{"line":4,"column":2},"end":{"line":16,"column":4}}},"fnMap":{"0":{"name":"(anonymous_0)","decl":{"start":{"line":3,"column":13},"end":{"line":3,"column":14}},"loc":{"start":{"line":3,"column":38},"end":{"line":17,"column":1}},"line":3}},"branchMap":{},"s":{"0":2,"1":1},"f":{"0":1},"b":{},"_coverageSchema":"1a1c01bbd47fc00a2c39e90264f33305004495a9","hash":"520e89ced5f051126a72a1d211a61a19c7d98d83"}
,"C:\\Users\\juanj\\OneDrive\\Escritorio\\robofriendshooks\\src\\components\\CardList.js": {"path":"C:\\Users\\juanj\\OneDrive\\Escritorio\\robofriendshooks\\src\\components\\CardList.js","statementMap":{"0":{"start":{"line":4,"column":17},"end":{"line":19,"column":1}},"1":{"start":{"line":5,"column":2},"end":{"line":18,"column":4}},"2":{"start":{"line":8,"column":8},"end":{"line":15,"column":10}}},"fnMap":{"0":{"name":"(anonymous_0)","decl":{"start":{"line":4,"column":17},"end":{"line":4,"column":18}},"loc":{"start":{"line":4,"column":33},"end":{"line":19,"column":1}},"line":4},"1":{"name":"(anonymous_1)","decl":{"start":{"line":7,"column":18},"end":{"line":7,"column":19}},"loc":{"start":{"line":7,"column":32},"end":{"line":16,"column":7}},"line":7}},"branchMap":{},"s":{"0":1,"1":1,"2":1},"f":{"0":1,"1":1},"b":{},"_coverageSchema":"1a1c01bbd47fc00a2c39e90264f33305004495a9","hash":"77afb357ca97ac41353088550647624a10088236"}
}
